# JRE version: OpenJDK Runtime Environment (8.0_242-b01) (build 1.8.0_242-release-1644-b01)
# Java VM: OpenJDK 64-Bit Server VM (25.242-b01 mixed mode windows-amd64 compressed oops)
Heap:
 PSYoungGen      total 538112K, used 249827K [0x00000000d5580000, 0x00000000fde80000, 0x0000000100000000)
  eden space 472064K, 50% used [0x00000000d5580000,0x00000000e3f50e80,0x00000000f2280000)
  from space 66048K, 15% used [0x00000000f2280000,0x00000000f2cac4a8,0x00000000f6300000)
  to   space 64512K, 0% used [0x00000000f9f80000,0x00000000f9f80000,0x00000000fde80000)
 ParOldGen       total 209408K, used 122194K [0x0000000080000000, 0x000000008cc80000, 0x00000000d5580000)
  object space 209408K, 58% used [0x0000000080000000,0x0000000087754ba0,0x000000008cc80000)
 Metaspace       used 131576K, capacity 141968K, committed 142284K, reserved 1173504K
  class space    used 16952K, capacity 18730K, committed 18944K, reserved 1048576K
GC Heap History (10 events):
Event: 2380.841 GC heap before
{Heap before GC invocations=49 (full 5):
 PSYoungGen      total 425472K, used 395172K [0x00000000d5580000, 0x00000000f5880000, 0x0000000100000000)
  eden space 374272K, 99% used [0x00000000d5580000,0x00000000ec2fd338,0x00000000ec300000)
  from space 51200K, 40% used [0x00000000ec300000,0x00000000ed76bea0,0x00000000ef500000)
  to   space 48640K, 0% used [0x00000000f2900000,0x00000000f2900000,0x00000000f5880000)
 ParOldGen       total 162816K, used 106244K [0x0000000080000000, 0x0000000089f00000, 0x00000000d5580000)
  object space 162816K, 65% used [0x0000000080000000,0x00000000867c1328,0x0000000089f00000)
 Metaspace       used 129833K, capacity 138530K, committed 138700K, reserved 1169408K
  class space    used 16716K, capacity 18338K, committed 18432K, reserved 1048576K
Event: 2381.892 GC heap after
Heap after GC invocations=49 (full 5):
 PSYoungGen      total 460288K, used 48620K [0x00000000d5580000, 0x00000000f7c00000, 0x0000000100000000)
  eden space 411648K, 0% used [0x00000000d5580000,0x00000000d5580000,0x00000000ee780000)
  from space 48640K, 99% used [0x00000000f2900000,0x00000000f587b070,0x00000000f5880000)
  to   space 67072K, 0% used [0x00000000ee780000,0x00000000ee780000,0x00000000f2900000)
 ParOldGen       total 162816K, used 134250K [0x0000000080000000, 0x0000000089f00000, 0x00000000d5580000)
  object space 162816K, 82% used [0x0000000080000000,0x000000008831aa98,0x0000000089f00000)
 Metaspace       used 129833K, capacity 138530K, committed 138700K, reserved 1169408K
  class space    used 16716K, capacity 18338K, committed 18432K, reserved 1048576K
}
Event: 2450.293 GC heap before
{Heap before GC invocations=50 (full 5):
 PSYoungGen      total 460288K, used 460268K [0x00000000d5580000, 0x00000000f7c00000, 0x0000000100000000)
  eden space 411648K, 100% used [0x00000000d5580000,0x00000000ee780000,0x00000000ee780000)
  from space 48640K, 99% used [0x00000000f2900000,0x00000000f587b070,0x00000000f5880000)
  to   space 67072K, 0% used [0x00000000ee780000,0x00000000ee780000,0x00000000f2900000)
 ParOldGen       total 162816K, used 134250K [0x0000000080000000, 0x0000000089f00000, 0x00000000d5580000)
  object space 162816K, 82% used [0x0000000080000000,0x000000008831aa98,0x0000000089f00000)
 Metaspace       used 130187K, capacity 139274K, committed 139596K, reserved 1171456K
  class space    used 16765K, capacity 18416K, committed 18560K, reserved 1048576K
Event: 2454.357 GC heap after
Heap after GC invocations=50 (full 5):
 PSYoungGen      total 478720K, used 41832K [0x00000000d5580000, 0x00000000fad00000, 0x0000000100000000)
  eden space 411648K, 0% used [0x00000000d5580000,0x00000000d5580000,0x00000000ee780000)
  from space 67072K, 62% used [0x00000000ee780000,0x00000000f105a0b0,0x00000000f2900000)
  to   space 69120K, 0% used [0x00000000f6980000,0x00000000f6980000,0x00000000fad00000)
 ParOldGen       total 169472K, used 169356K [0x0000000080000000, 0x000000008a580000, 0x00000000d5580000)
  object space 169472K, 99% used [0x0000000080000000,0x000000008a5631b8,0x000000008a580000)
 Metaspace       used 130187K, capacity 139274K, committed 139596K, reserved 1171456K
  class space    used 16765K, capacity 18416K, committed 18560K, reserved 1048576K
}
Event: 2454.359 GC heap before
{Heap before GC invocations=51 (full 6):
 PSYoungGen      total 478720K, used 41832K [0x00000000d5580000, 0x00000000fad00000, 0x0000000100000000)
  eden space 411648K, 0% used [0x00000000d5580000,0x00000000d5580000,0x00000000ee780000)
  from space 67072K, 62% used [0x00000000ee780000,0x00000000f105a0b0,0x00000000f2900000)
  to   space 69120K, 0% used [0x00000000f6980000,0x00000000f6980000,0x00000000fad00000)
 ParOldGen       total 169472K, used 169356K [0x0000000080000000, 0x000000008a580000, 0x00000000d5580000)
  object space 169472K, 99% used [0x0000000080000000,0x000000008a5631b8,0x000000008a580000)
 Metaspace       used 130187K, capacity 139274K, committed 139596K, reserved 1171456K
  class space    used 16765K, capacity 18416K, committed 18560K, reserved 1048576K
Event: 2466.941 GC heap after
Heap after GC invocations=51 (full 6):
 PSYoungGen      total 478720K, used 0K [0x00000000d5580000, 0x00000000fad00000, 0x0000000100000000)
  eden space 411648K, 0% used [0x00000000d5580000,0x00000000d5580000,0x00000000ee780000)
  from space 67072K, 0% used [0x00000000ee780000,0x00000000ee780000,0x00000000f2900000)
  to   space 69120K, 0% used [0x00000000f6980000,0x00000000f6980000,0x00000000fad00000)
 ParOldGen       total 209408K, used 116918K [0x0000000080000000, 0x000000008cc80000, 0x00000000d5580000)
  object space 209408K, 55% used [0x0000000080000000,0x000000008722db70,0x000000008cc80000)
 Metaspace       used 129888K, capacity 138590K, committed 139596K, reserved 1171456K
  class space    used 16690K, capacity 18255K, committed 18560K, reserved 1048576K
}
Event: 2635.065 GC heap before
{Heap before GC invocations=52 (full 6):
 PSYoungGen      total 478720K, used 411648K [0x00000000d5580000, 0x00000000fad00000, 0x0000000100000000)
  eden space 411648K, 100% used [0x00000000d5580000,0x00000000ee780000,0x00000000ee780000)
  from space 67072K, 0% used [0x00000000ee780000,0x00000000ee780000,0x00000000f2900000)
  to   space 69120K, 0% used [0x00000000f6980000,0x00000000f6980000,0x00000000fad00000)
 ParOldGen       total 209408K, used 116918K [0x0000000080000000, 0x000000008cc80000, 0x00000000d5580000)
  object space 209408K, 55% used [0x0000000080000000,0x000000008722db70,0x000000008cc80000)
 Metaspace       used 130109K, capacity 138890K, committed 139596K, reserved 1171456K
  class space    used 16694K, capacity 18261K, committed 18560K, reserved 1048576K
Event: 2637.182 GC heap after
Heap after GC invocations=52 (full 6):
 PSYoungGen      total 531456K, used 19724K [0x00000000d5580000, 0x00000000fa380000, 0x0000000100000000)
  eden space 472064K, 0% used [0x00000000d5580000,0x00000000d5580000,0x00000000f2280000)
  from space 59392K, 33% used [0x00000000f6980000,0x00000000f7cc30e0,0x00000000fa380000)
  to   space 66048K, 0% used [0x00000000f2280000,0x00000000f2280000,0x00000000f6300000)
 ParOldGen       total 209408K, used 116926K [0x0000000080000000, 0x000000008cc80000, 0x00000000d5580000)
  object space 209408K, 55% used [0x0000000080000000,0x000000008722fb70,0x000000008cc80000)
 Metaspace       used 130109K, capacity 138890K, committed 139596K, reserved 1171456K
  class space    used 16694K, capacity 18261K, committed 18560K, reserved 1048576K
}
Event: 3007.143 GC heap before
{Heap before GC invocations=53 (full 6):
 PSYoungGen      total 531456K, used 491788K [0x00000000d5580000, 0x00000000fa380000, 0x0000000100000000)
  eden space 472064K, 100% used [0x00000000d5580000,0x00000000f2280000,0x00000000f2280000)
  from space 59392K, 33% used [0x00000000f6980000,0x00000000f7cc30e0,0x00000000fa380000)
  to   space 66048K, 0% used [0x00000000f2280000,0x00000000f2280000,0x00000000f6300000)
 ParOldGen       total 209408K, used 116926K [0x0000000080000000, 0x000000008cc80000, 0x00000000d5580000)
  object space 209408K, 55% used [0x0000000080000000,0x000000008722fb70,0x000000008cc80000)
 Metaspace       used 130581K, capacity 139718K, committed 140108K, reserved 1171456K
  class space    used 16761K, capacity 18377K, committed 18560K, reserved 1048576K
Event: 3009.034 GC heap after
Heap after GC invocations=53 (full 6):
 PSYoungGen      total 538112K, used 10417K [0x00000000d5580000, 0x00000000fde80000, 0x0000000100000000)
  eden space 472064K, 0% used [0x00000000d5580000,0x00000000d5580000,0x00000000f2280000)
  from space 66048K, 15% used [0x00000000f2280000,0x00000000f2cac4a8,0x00000000f6300000)
  to   space 64512K, 0% used [0x00000000f9f80000,0x00000000f9f80000,0x00000000fde80000)
 ParOldGen       total 209408K, used 122194K [0x0000000080000000, 0x000000008cc80000, 0x00000000d5580000)
  object space 209408K, 58% used [0x0000000080000000,0x0000000087754ba0,0x000000008cc80000)
 Metaspace       used 130581K, capacity 139718K, committed 140108K, reserved 1171456K
  class space    used 16761K, capacity 18377K, committed 18560K, reserved 1048576K
}

