# JRE version: OpenJDK Runtime Environment (8.0_242-b01) (build 1.8.0_242-release-1644-b01)
# Java VM: OpenJDK 64-Bit Server VM (25.242-b01 mixed mode windows-amd64 compressed oops)
Heap:
 PSYoungGen      total 18432K, used 7328K [0x00000000f2f80000, 0x00000000f4c00000, 0x0000000100000000)
  eden space 8192K, 64% used [0x00000000f2f80000,0x00000000f34af338,0x00000000f3780000)
  from space 10240K, 19% used [0x00000000f3780000,0x00000000f3978dc8,0x00000000f4180000)
  to   space 10240K, 0% used [0x00000000f4200000,0x00000000f4200000,0x00000000f4c00000)
 ParOldGen       total 27648K, used 21329K [0x00000000d8e00000, 0x00000000da900000, 0x00000000f2f80000)
  object space 27648K, 77% used [0x00000000d8e00000,0x00000000da2d4558,0x00000000da900000)
 Metaspace       used 24513K, capacity 25038K, committed 25344K, reserved 1071104K
  class space    used 3119K, capacity 3277K, committed 3328K, reserved 1048576K
GC Heap History (10 events):
Event: 42.837 GC heap before
{Heap before GC invocations=9 (full 0):
 PSYoungGen      total 18432K, used 15485K [0x00000000f2f80000, 0x00000000f4680000, 0x0000000100000000)
  eden space 13312K, 100% used [0x00000000f2f80000,0x00000000f3c80000,0x00000000f3c80000)
  from space 5120K, 42% used [0x00000000f4180000,0x00000000f439f538,0x00000000f4680000)
  to   space 5120K, 0% used [0x00000000f3c80000,0x00000000f3c80000,0x00000000f4180000)
 ParOldGen       total 27648K, used 13254K [0x00000000d8e00000, 0x00000000da900000, 0x00000000f2f80000)
  object space 27648K, 47% used [0x00000000d8e00000,0x00000000d9af1a48,0x00000000da900000)
 Metaspace       used 19657K, capacity 20036K, committed 20352K, reserved 1067008K
  class space    used 2217K, capacity 2341K, committed 2432K, reserved 1048576K
Event: 42.890 GC heap after
Heap after GC invocations=9 (full 0):
 PSYoungGen      total 18432K, used 5096K [0x00000000f2f80000, 0x00000000f4680000, 0x0000000100000000)
  eden space 13312K, 0% used [0x00000000f2f80000,0x00000000f2f80000,0x00000000f3c80000)
  from space 5120K, 99% used [0x00000000f3c80000,0x00000000f417a2a0,0x00000000f4180000)
  to   space 5120K, 0% used [0x00000000f4180000,0x00000000f4180000,0x00000000f4680000)
 ParOldGen       total 27648K, used 20289K [0x00000000d8e00000, 0x00000000da900000, 0x00000000f2f80000)
  object space 27648K, 73% used [0x00000000d8e00000,0x00000000da1d04c0,0x00000000da900000)
 Metaspace       used 19657K, capacity 20036K, committed 20352K, reserved 1067008K
  class space    used 2217K, capacity 2341K, committed 2432K, reserved 1048576K
}
Event: 45.726 GC heap before
{Heap before GC invocations=10 (full 0):
 PSYoungGen      total 18432K, used 14969K [0x00000000f2f80000, 0x00000000f4680000, 0x0000000100000000)
  eden space 13312K, 74% used [0x00000000f2f80000,0x00000000f39242b8,0x00000000f3c80000)
  from space 5120K, 99% used [0x00000000f3c80000,0x00000000f417a2a0,0x00000000f4180000)
  to   space 5120K, 0% used [0x00000000f4180000,0x00000000f4180000,0x00000000f4680000)
 ParOldGen       total 27648K, used 20289K [0x00000000d8e00000, 0x00000000da900000, 0x00000000f2f80000)
  object space 27648K, 73% used [0x00000000d8e00000,0x00000000da1d04c0,0x00000000da900000)
 Metaspace       used 20735K, capacity 21086K, committed 21248K, reserved 1069056K
  class space    used 2335K, capacity 2452K, committed 2560K, reserved 1048576K
Event: 45.847 GC heap after
Heap after GC invocations=10 (full 0):
 PSYoungGen      total 13312K, used 5112K [0x00000000f2f80000, 0x00000000f5880000, 0x0000000100000000)
  eden space 8192K, 0% used [0x00000000f2f80000,0x00000000f2f80000,0x00000000f3780000)
  from space 5120K, 99% used [0x00000000f4180000,0x00000000f467e2b0,0x00000000f4680000)
  to   space 10240K, 0% used [0x00000000f3780000,0x00000000f3780000,0x00000000f4180000)
 ParOldGen       total 27648K, used 24655K [0x00000000d8e00000, 0x00000000da900000, 0x00000000f2f80000)
  object space 27648K, 89% used [0x00000000d8e00000,0x00000000da613d90,0x00000000da900000)
 Metaspace       used 20735K, capacity 21086K, committed 21248K, reserved 1069056K
  class space    used 2335K, capacity 2452K, committed 2560K, reserved 1048576K
}
Event: 45.848 GC heap before
{Heap before GC invocations=11 (full 1):
 PSYoungGen      total 13312K, used 5112K [0x00000000f2f80000, 0x00000000f5880000, 0x0000000100000000)
  eden space 8192K, 0% used [0x00000000f2f80000,0x00000000f2f80000,0x00000000f3780000)
  from space 5120K, 99% used [0x00000000f4180000,0x00000000f467e2b0,0x00000000f4680000)
  to   space 10240K, 0% used [0x00000000f3780000,0x00000000f3780000,0x00000000f4180000)
 ParOldGen       total 27648K, used 24655K [0x00000000d8e00000, 0x00000000da900000, 0x00000000f2f80000)
  object space 27648K, 89% used [0x00000000d8e00000,0x00000000da613d90,0x00000000da900000)
 Metaspace       used 20735K, capacity 21086K, committed 21248K, reserved 1069056K
  class space    used 2335K, capacity 2452K, committed 2560K, reserved 1048576K
Event: 47.002 GC heap after
Heap after GC invocations=11 (full 1):
 PSYoungGen      total 13312K, used 0K [0x00000000f2f80000, 0x00000000f5880000, 0x0000000100000000)
  eden space 8192K, 0% used [0x00000000f2f80000,0x00000000f2f80000,0x00000000f3780000)
  from space 5120K, 0% used [0x00000000f4180000,0x00000000f4180000,0x00000000f4680000)
  to   space 10240K, 0% used [0x00000000f3780000,0x00000000f3780000,0x00000000f4180000)
 ParOldGen       total 27648K, used 26240K [0x00000000d8e00000, 0x00000000da900000, 0x00000000f2f80000)
  object space 27648K, 94% used [0x00000000d8e00000,0x00000000da7a0228,0x00000000da900000)
 Metaspace       used 20735K, capacity 21086K, committed 21248K, reserved 1069056K
  class space    used 2335K, capacity 2452K, committed 2560K, reserved 1048576K
}
Event: 48.465 GC heap before
{Heap before GC invocations=12 (full 2):
 PSYoungGen      total 13312K, used 8192K [0x00000000f2f80000, 0x00000000f5880000, 0x0000000100000000)
  eden space 8192K, 100% used [0x00000000f2f80000,0x00000000f3780000,0x00000000f3780000)
  from space 5120K, 0% used [0x00000000f4180000,0x00000000f4180000,0x00000000f4680000)
  to   space 10240K, 0% used [0x00000000f3780000,0x00000000f3780000,0x00000000f4180000)
 ParOldGen       total 27648K, used 26240K [0x00000000d8e00000, 0x00000000da900000, 0x00000000f2f80000)
  object space 27648K, 94% used [0x00000000d8e00000,0x00000000da7a0228,0x00000000da900000)
 Metaspace       used 22497K, capacity 23022K, committed 23296K, reserved 1069056K
  class space    used 2606K, capacity 2761K, committed 2816K, reserved 1048576K
Event: 49.978 GC heap after
Heap after GC invocations=12 (full 2):
 PSYoungGen      total 13312K, used 0K [0x00000000f2f80000, 0x00000000f5880000, 0x0000000100000000)
  eden space 8192K, 0% used [0x00000000f2f80000,0x00000000f2f80000,0x00000000f3780000)
  from space 5120K, 0% used [0x00000000f4180000,0x00000000f4180000,0x00000000f4680000)
  to   space 10240K, 0% used [0x00000000f3780000,0x00000000f3780000,0x00000000f4180000)
 ParOldGen       total 27648K, used 21321K [0x00000000d8e00000, 0x00000000da900000, 0x00000000f2f80000)
  object space 27648K, 77% used [0x00000000d8e00000,0x00000000da2d2558,0x00000000da900000)
 Metaspace       used 22497K, capacity 23022K, committed 23296K, reserved 1069056K
  class space    used 2606K, capacity 2761K, committed 2816K, reserved 1048576K
}
Event: 57.139 GC heap before
{Heap before GC invocations=13 (full 2):
 PSYoungGen      total 13312K, used 8192K [0x00000000f2f80000, 0x00000000f5880000, 0x0000000100000000)
  eden space 8192K, 100% used [0x00000000f2f80000,0x00000000f3780000,0x00000000f3780000)
  from space 5120K, 0% used [0x00000000f4180000,0x00000000f4180000,0x00000000f4680000)
  to   space 10240K, 0% used [0x00000000f3780000,0x00000000f3780000,0x00000000f4180000)
 ParOldGen       total 27648K, used 21321K [0x00000000d8e00000, 0x00000000da900000, 0x00000000f2f80000)
  object space 27648K, 77% used [0x00000000d8e00000,0x00000000da2d2558,0x00000000da900000)
 Metaspace       used 24469K, capacity 24962K, committed 25088K, reserved 1071104K
  class space    used 3119K, capacity 3277K, committed 3328K, reserved 1048576K
Event: 57.149 GC heap after
Heap after GC invocations=13 (full 2):
 PSYoungGen      total 18432K, used 2019K [0x00000000f2f80000, 0x00000000f4c00000, 0x0000000100000000)
  eden space 8192K, 0% used [0x00000000f2f80000,0x00000000f2f80000,0x00000000f3780000)
  from space 10240K, 19% used [0x00000000f3780000,0x00000000f3978dc8,0x00000000f4180000)
  to   space 10240K, 0% used [0x00000000f4200000,0x00000000f4200000,0x00000000f4c00000)
 ParOldGen       total 27648K, used 21329K [0x00000000d8e00000, 0x00000000da900000, 0x00000000f2f80000)
  object space 27648K, 77% used [0x00000000d8e00000,0x00000000da2d4558,0x00000000da900000)
 Metaspace       used 24469K, capacity 24962K, committed 25088K, reserved 1071104K
  class space    used 3119K, capacity 3277K, committed 3328K, reserved 1048576K
}

